#
# There is insufficient memory for the Java Runtime Environment to continue.
# Native memory allocation (malloc) failed to allocate 65552 bytes for Chunk::new
# Possible reasons:
#   The system is out of physical RAM or swap space
#   In 32 bit mode, the process size limit was hit
# Possible solutions:
#   Reduce memory load on the system
#   Increase physical memory or swap space
#   Check if swap backing store is full
#   Use 64 bit Java on a 64 bit OS
#   Decrease Java heap size (-Xmx/-Xms)
#   Decrease number of Java threads
#   Decrease Java thread stack sizes (-Xss)
#   Set larger code cache with -XX:ReservedCodeCacheSize=
# This output file may be truncated or incomplete.
#
#  Out of Memory Error (allocation.cpp:390), pid=4668, tid=0x0000000000000988
#
# JRE version: OpenJDK Runtime Environment (8.0_112-b06) (build 1.8.0_112-release-b06)
# Java VM: OpenJDK 64-Bit Server VM (25.112-b06 mixed mode windows-amd64 compressed oops)
# Failed to write core dump. Minidumps are not enabled by default on client versions of Windows
#

---------------  T H R E A D  ---------------

Current thread (0x0000000014bd1000):  JavaThread "C2 CompilerThread1" daemon [_thread_in_native, id=2440, stack(0x0000000016320000,0x0000000016420000)]

Stack: [0x0000000016320000,0x0000000016420000]
[error occurred during error reporting (printing stack bounds), id 0xc0000005]

Native frames: (J=compiled Java code, j=interpreted, Vv=VM code, C=native code)


Current CompileTask:
C2:   1646 1130       4       com.android.dx.ssa.Dominators::eval (29 bytes)


---------------  P R O C E S S  ---------------

Java Threads: ( => current thread )
  0x0000000016783000 JavaThread "pool-2-thread-4" [_thread_blocked, id=13792, stack(0x0000000016f20000,0x0000000017020000)]
  0x0000000016782800 JavaThread "pool-2-thread-3" [_thread_blocked, id=10864, stack(0x0000000016e20000,0x0000000016f20000)]
  0x0000000016685000 JavaThread "pool-2-thread-2" [_thread_blocked, id=7264, stack(0x0000000016d20000,0x0000000016e20000)]
  0x0000000016679000 JavaThread "pool-3-thread-1" [_thread_blocked, id=12888, stack(0x0000000016c20000,0x0000000016d20000)]
  0x000000001667f000 JavaThread "pool-2-thread-1" [_thread_blocked, id=1568, stack(0x0000000016b20000,0x0000000016c20000)]
  0x000000001653f800 JavaThread "Service Thread" daemon [_thread_blocked, id=14056, stack(0x0000000016920000,0x0000000016a20000)]
  0x0000000014bf9000 JavaThread "C1 CompilerThread2" daemon [_thread_blocked, id=11192, stack(0x0000000016420000,0x0000000016520000)]
=>0x0000000014bd1000 JavaThread "C2 CompilerThread1" daemon [_thread_in_native, id=2440, stack(0x0000000016320000,0x0000000016420000)]
  0x0000000014bce000 JavaThread "C2 CompilerThread0" daemon [_thread_in_native, id=13820, stack(0x0000000016220000,0x0000000016320000)]
  0x0000000014bca800 JavaThread "Attach Listener" daemon [_thread_blocked, id=11128, stack(0x0000000016120000,0x0000000016220000)]
  0x00000000024fe800 JavaThread "Signal Dispatcher" daemon [_thread_blocked, id=6572, stack(0x0000000016020000,0x0000000016120000)]
  0x00000000024f6800 JavaThread "Finalizer" daemon [_thread_blocked, id=5064, stack(0x0000000015e30000,0x0000000015f30000)]
  0x00000000024f1000 JavaThread "Reference Handler" daemon [_thread_blocked, id=12032, stack(0x0000000015d30000,0x0000000015e30000)]
  0x00000000023be000 JavaThread "main" [_thread_in_vm, id=8184, stack(0x0000000002250000,0x0000000002350000)]

Other Threads:
  0x0000000014b95800 VMThread [stack: 0x0000000015c30000,0x0000000015d30000] [id=7352]
  0x0000000016548800 WatcherThread [stack: 0x0000000016a20000,0x0000000016b20000] [id=13736]

VM state:not at safepoint (normal execution)

VM Mutex/Monitor currently owned by a thread: None

Heap:
 PSYoungGen      total 18944K, used 11173K [0x00000000eab00000, 0x00000000ed000000, 0x0000000100000000)
  eden space 16384K, 52% used [0x00000000eab00000,0x00000000eb36f130,0x00000000ebb00000)
  from space 2560K, 99% used [0x00000000ebb00000,0x00000000ebd7a348,0x00000000ebd80000)
  to   space 2560K, 0% used [0x00000000ecd80000,0x00000000ecd80000,0x00000000ed000000)
 ParOldGen       total 44032K, used 1493K [0x00000000c0000000, 0x00000000c2b00000, 0x00000000eab00000)
  object space 44032K, 3% used [0x00000000c0000000,0x00000000c01756e8,0x00000000c2b00000)
 Metaspace       used 5614K, capacity 6832K, committed 7040K, reserved 1056768K
  class space    used 550K, capacity 616K, committed 640K, reserved 1048576K

Card table byte_map: [0x00000000118c0000,0x0000000011ad0000] byte_map_base: 0x00000000112c0000

Marking Bits: (ParMarkBitMap*) 0x000000005dba18f0
 Begin Bits: [0x0000000012030000, 0x0000000013030000)
 End Bits:   [0x0000000013030000, 0x0000000014030000)

Polling page: 0x00000000009d0000

CodeCache: size=245760Kb used=4564Kb max_used=4564Kb free=241195Kb
 bounds [0x0000000002500000, 0x0000000002980000, 0x0000000011500000]
 total_blobs=1393 nmethods=1133 adapters=174
 compilation: enabled

Compilation events (10 events):
Event: 1.619 Thread 0x0000000014bd1000 1130       4       com.android.dx.ssa.Dominators::eval (29 bytes)
Event: 1.619 Thread 0x0000000014bf9000 1131       3       com.android.dx.rop.code.LocalItem::compareHandlesNulls (25 bytes)
Event: 1.620 Thread 0x0000000014bf9000 nmethod 1131 0x00000000029758d0 code [0x0000000002975aa0, 0x00000000029763d8]
Event: 1.622 Thread 0x0000000014bce000 1132       4       com.android.dx.rop.code.RopMethod::labelToPredecessors (54 bytes)
Event: 1.623 Thread 0x0000000014bf9000 1133       3       java.util.ArrayList::add (54 bytes)
Event: 1.624 Thread 0x0000000014bf9000 nmethod 1133 0x0000000002974b50 code [0x0000000002974d20, 0x00000000029754f8]
Event: 1.625 Thread 0x0000000014bf9000 1134       3       com.android.dx.ssa.SsaBasicBlock::replaceSuccessor (125 bytes)
Event: 1.626 Thread 0x0000000014bf9000 nmethod 1134 0x00000000029771d0 code [0x0000000002977460, 0x00000000029782d8]
Event: 1.627 Thread 0x0000000014bf9000 1137       3       com.android.dx.rop.cst.CstBaseMethodRef::isInstanceInit (8 bytes)
Event: 1.627 Thread 0x0000000014bf9000 nmethod 1137 0x0000000002978c50 code [0x0000000002978dc0, 0x00000000029791e8]

GC Heap History (2 events):
Event: 0.929 GC heap before
{Heap before GC invocations=1 (full 0):
 PSYoungGen      total 18944K, used 16384K [0x00000000eab00000, 0x00000000ec000000, 0x0000000100000000)
  eden space 16384K, 100% used [0x00000000eab00000,0x00000000ebb00000,0x00000000ebb00000)
  from space 2560K, 0% used [0x00000000ebd80000,0x00000000ebd80000,0x00000000ec000000)
  to   space 2560K, 0% used [0x00000000ebb00000,0x00000000ebb00000,0x00000000ebd80000)
 ParOldGen       total 44032K, used 0K [0x00000000c0000000, 0x00000000c2b00000, 0x00000000eab00000)
  object space 44032K, 0% used [0x00000000c0000000,0x00000000c0000000,0x00000000c2b00000)
 Metaspace       used 5544K, capacity 6768K, committed 7040K, reserved 1056768K
  class space    used 550K, capacity 616K, committed 640K, reserved 1048576K
Event: 0.944 GC heap after
Heap after GC invocations=1 (full 0):
 PSYoungGen      total 18944K, used 2536K [0x00000000eab00000, 0x00000000ed000000, 0x0000000100000000)
  eden space 16384K, 0% used [0x00000000eab00000,0x00000000eab00000,0x00000000ebb00000)
  from space 2560K, 99% used [0x00000000ebb00000,0x00000000ebd7a348,0x00000000ebd80000)
  to   space 2560K, 0% used [0x00000000ecd80000,0x00000000ecd80000,0x00000000ed000000)
 ParOldGen       total 44032K, used 1493K [0x00000000c0000000, 0x00000000c2b00000, 0x00000000eab00000)
  object space 44032K, 3% used [0x00000000c0000000,0x00000000c01756e8,0x00000000c2b00000)
 Metaspace       used 5544K, capacity 6768K, committed 7040K, reserved 1056768K
  class space    used 550K, capacity 616K, committed 640K, reserved 1048576K
}

Deoptimization events (8 events):
Event: 0.600 Thread 0x0000000016783000 Uncommon trap: reason=unstable_if action=reinterpret pc=0x00000000026e2464 method=java.util.HashMap.getNode(ILjava/lang/Object;)Ljava/util/HashMap$Node; @ 129
Event: 0.649 Thread 0x0000000016782800 Uncommon trap: reason=class_check action=maybe_recompile pc=0x00000000027643f4 method=com.android.dx.rop.cst.CstMemberRef.compareTo0(Lcom/android/dx/rop/cst/Constant;)I @ 1
Event: 0.649 Thread 0x0000000016782800 Uncommon trap: reason=class_check action=maybe_recompile pc=0x00000000027643f4 method=com.android.dx.rop.cst.CstMemberRef.compareTo0(Lcom/android/dx/rop/cst/Constant;)I @ 1
Event: 0.649 Thread 0x0000000016782800 Uncommon trap: reason=class_check action=maybe_recompile pc=0x00000000027643f4 method=com.android.dx.rop.cst.CstMemberRef.compareTo0(Lcom/android/dx/rop/cst/Constant;)I @ 1
Event: 0.649 Thread 0x0000000016782800 Uncommon trap: reason=class_check action=maybe_recompile pc=0x00000000027643f4 method=com.android.dx.rop.cst.CstMemberRef.compareTo0(Lcom/android/dx/rop/cst/Constant;)I @ 1
Event: 0.649 Thread 0x0000000016782800 Uncommon trap: reason=unstable_if action=reinterpret pc=0x0000000002761e78 method=com.android.dx.rop.cst.CstFieldRef.compareTo0(Lcom/android/dx/rop/cst/Constant;)I @ 7
Event: 1.058 Thread 0x0000000016685000 Uncommon trap: reason=unstable_if action=reinterpret pc=0x0000000002708f30 method=java.util.BitSet.nextSetBit(I)I @ 87
Event: 1.068 Thread 0x0000000016685000 Uncommon trap: reason=unstable_if action=reinterpret pc=0x00000000028563fc method=com.android.dx.rop.code.RegisterSpec.withReg(I)Lcom/android/dx/rop/code/RegisterSpec; @ 5

Internal exceptions (2 events):
Event: 0.065 Thread 0x00000000023be000 Exception <a 'java/lang/NoSuchMethodError': Method sun.misc.Unsafe.defineClass(Ljava/lang/String;[BII)Ljava/lang/Class; name or signature does not match> (0x00000000eab07c78) thrown at [C:\src\android\AOSP-openjdk\external\jetbrains\jdk\hotspot\src\share\v” ã¤|Ç°?
Event: 0.066 Thread 0x00000000023be000 Exception <a 'java/lang/NoSuchMethodError': Method sun.misc.Unsafe.prefetchRead(Ljava/lang/Object;J)V name or signature does not match> (0x00000000eab07f60) thrown at [C:\src\android\AOSP-openjdk\external\jetbrains\jdk\hotspot\src\share\vm\prims\jni.cpp, l

Events (10 events):
Event: 0.929 Executing VM operation: ParallelGCFailedAllocation
Event: 0.944 Executing VM operation: ParallelGCFailedAllocation done
Event: 1.049 loading class com/android/dx/cf/code/BytecodeArray$ConstantParserVisitor
Event: 1.049 loading class com/android/dx/cf/code/BytecodeArray$ConstantParserVisitor done
Event: 1.058 Thread 0x0000000016685000 Uncommon trap: trap_request=0xffffff65 fr.pc=0x0000000002708f30
Event: 1.058 Thread 0x0000000016685000 DEOPT PACKING pc=0x0000000002708f30 sp=0x0000000016e1ed30
Event: 1.058 Thread 0x0000000016685000 DEOPT UNPACKING pc=0x000000000254556a sp=0x0000000016e1ecc8 mode 2
Event: 1.068 Thread 0x0000000016685000 Uncommon trap: trap_request=0xffffff65 fr.pc=0x00000000028563fc
Event: 1.068 Thread 0x0000000016685000 DEOPT PACKING pc=0x00000000028563fc sp=0x0000000016e1ebb0
Event: 1.068 Thread 0x0000000016685000 DEOPT UNPACKING pc=0x000000000254556a sp=0x0000000016e1eae0 mode 2


Dynamic libraries:
0x00007ff63de30000 - 0x00007ff63de61000 	C:\Program Files\Android\Android Studio\jre\bin\java.exe
0x00007ff8129f0000 - 0x00007ff812bc1000 	C:\WINDOWS\SYSTEM32\ntdll.dll
0x00007ff812230000 - 0x00007ff8122dc000 	C:\WINDOWS\System32\KERNEL32.DLL
0x00007ff80fc60000 - 0x00007ff80fe7d000 	C:\WINDOWS\System32\KERNELBASE.dll
0x00007ff8128d0000 - 0x00007ff812972000 	C:\WINDOWS\System32\ADVAPI32.dll
0x00007ff812520000 - 0x00007ff8125be000 	C:\WINDOWS\System32\msvcrt.dll
0x00007ff80ff80000 - 0x00007ff80ffd9000 	C:\WINDOWS\System32\sechost.dll
0x00007ff810780000 - 0x00007ff8108a1000 	C:\WINDOWS\System32\RPCRT4.dll
0x00007ff8125d0000 - 0x00007ff812735000 	C:\WINDOWS\System32\USER32.dll
0x00007ff80f000000 - 0x00007ff80f01e000 	C:\WINDOWS\System32\win32u.dll
0x00007ff8124e0000 - 0x00007ff812514000 	C:\WINDOWS\System32\GDI32.dll
0x00007ff80fad0000 - 0x00007ff80fc52000 	C:\WINDOWS\System32\gdi32full.dll
0x00007ff8029d0000 - 0x00007ff802c4a000 	C:\WINDOWS\WinSxS\amd64_microsoft.windows.common-controls_6595b64144ccf1df_6.0.14393.953_none_42151e83c686086b\COMCTL32.dll
0x00007ff810410000 - 0x00007ff8106d8000 	C:\WINDOWS\System32\combase.dll
0x00007ff80f070000 - 0x00007ff80f165000 	C:\WINDOWS\System32\ucrtbase.dll
0x00007ff80eee0000 - 0x00007ff80ef4a000 	C:\WINDOWS\System32\bcryptPrimitives.dll
0x00007ff8106f0000 - 0x00007ff81071e000 	C:\WINDOWS\System32\IMM32.DLL
0x000000005de90000 - 0x000000005df62000 	C:\Program Files\Android\Android Studio\jre\jre\bin\msvcr100.dll
0x000000005d3e0000 - 0x000000005dc1c000 	C:\Program Files\Android\Android Studio\jre\jre\bin\server\jvm.dll
0x00007ff8106e0000 - 0x00007ff8106e8000 	C:\WINDOWS\System32\PSAPI.DLL
0x00007ffffb130000 - 0x00007ffffb139000 	C:\WINDOWS\SYSTEM32\WSOCK32.dll
0x00007ff811e80000 - 0x00007ff811eea000 	C:\WINDOWS\System32\WS2_32.dll
0x00007ff80d100000 - 0x00007ff80d123000 	C:\WINDOWS\SYSTEM32\WINMM.dll
0x00007ff803e40000 - 0x00007ff803e4a000 	C:\WINDOWS\SYSTEM32\VERSION.dll
0x00007ff80d0a0000 - 0x00007ff80d0cb000 	C:\WINDOWS\SYSTEM32\WINMMBASE.dll
0x00007ff80f020000 - 0x00007ff80f062000 	C:\WINDOWS\System32\cfgmgr32.dll
0x00007ff80d160000 - 0x00007ff80d16f000 	C:\Program Files\Android\Android Studio\jre\jre\bin\verify.dll
0x00007fffff330000 - 0x00007fffff359000 	C:\Program Files\Android\Android Studio\jre\jre\bin\java.dll
0x00007ff801510000 - 0x00007ff801526000 	C:\Program Files\Android\Android Studio\jre\jre\bin\zip.dll
0x00007ff810970000 - 0x00007ff811e78000 	C:\WINDOWS\System32\SHELL32.dll
0x00007ff80f170000 - 0x00007ff80f84a000 	C:\WINDOWS\System32\windows.storage.dll
0x00007ff80ee70000 - 0x00007ff80eebc000 	C:\WINDOWS\System32\powrprof.dll
0x00007ff810720000 - 0x00007ff810772000 	C:\WINDOWS\System32\shlwapi.dll
0x00007ff80eec0000 - 0x00007ff80eecf000 	C:\WINDOWS\System32\kernel.appcore.dll
0x00007ff80fa20000 - 0x00007ff80fac9000 	C:\WINDOWS\System32\shcore.dll
0x00007ff80ee50000 - 0x00007ff80ee64000 	C:\WINDOWS\System32\profapi.dll

VM Arguments:
jvm_args: -Djava.awt.headless=true -Xmx1024M -Dfile.encoding=windows-1252 -Duser.country=US -Duser.language=en -Duser.variant 
java_command: com.android.dx.command.Main --dex --force-jumbo --num-threads=4 --multi-dex --output C:\Users\mintra nankongnaeb\Desktop\Cookzyme\app\build\intermediates\transforms\dex\debug\folders\1000\5\slice_0 C:\Users\mintra nankongnaeb\Desktop\Cookzyme\app\build\intermediates\transforms\instantRunSlicer\debug\folders\1\5\slice_0
java_class_path (initial): C:\Users\mintra nankongnaeb\AppData\Local\Android\Sdk\build-tools\25.0.2\lib\dx.jar
Launcher Type: SUN_STANDARD

Environment Variables:
PATH=C:\Python27\libs;C:\opencv3\build\dll;C:\TDM-GCC-64\bin;C:\windows\system32;C:\windows;C:\windows\System32\Wbem;C:\windows\System32\WindowsPowerShell\v1.0\;C:\Users\mintra nankongnaeb\AppData\Roaming\cabal\bin;C:\Users\mintra nankongnaeb\AppData\Roaming\local\bin;C:\WINDOWS\system32;C:\WINDOWS;C:\WINDOWS\System32\Wbem;C:\WINDOWS\System32\WindowsPowerShell\v1.0\;C:\Program Files (x86)\Tesseract-OCR;C:\Program Files\Microsoft SQL Server\130\Tools\Binn\;C:\Users\mintra nankongnaeb\Desktop\opencv\build\x86\vc12\bin;C:\Program Files (x86)\Windows Kits\8.1\Windows Performance Toolkit\;C:\Users\mintra nankongnaeb\Desktop\opencv-master\mybuild\install\x86\vc14\lib;C:\Program Files (x86)\Common Files\Ulead Systems\MPEG;C:\Program Files\wkhtmltopdf\bin;C:\Python27;C:\Python27\Scripts;C:\Program Files (x86)\GtkSharp\2.12\bin;C:\xampp\php;C:\ProgramData\ComposerSetup\bin;C:\Program Files\nodejs\;C:\Program Files\Git\cmd;C:\Program Files\Microsoft\Web Platform Installer\;C:\Program Files\dotnet\;C:\Users\mintra nankongnaeb\AppData\Local\Microsoft\WindowsApps;C:\Users\mintra nankongnaeb\AppData\Roaming\Composer\vendor\bin;C:\Users\mintra nankongnaeb\AppData\Local\atom\bin;C:\Users\mintra nankongnaeb\AppData\Roaming\npm
USERNAME=mintra nankongnaeb
OS=Windows_NT
PROCESSOR_IDENTIFIER=Intel64 Family 6 Model 69 Stepping 1, GenuineIntel



---------------  S Y S T E M  ---------------

OS: Windows 10.0 , 64 bit Build 14393 (10.0.14393.1198)

CPU:total 4 (2 cores per cpu, 2 threads per core) family 6 model 69 stepping 1, cmov, cx8, fxsr, mmx, sse, sse2, sse3, ssse3, sse4.1, sse4.2, popcnt, avx, avx2, aes, clmul, erms, lzcnt, ht, tsc, tscinvbit, bmi1, bmi2

Memory: 4k page, physical 4097112k(421128k free), swap 8458704k(1048k free)

vm_info: OpenJDK 64-Bit Server VM (25.112-b06) for windows-amd64 JRE (1.8.0_112-release-b06), built on Dec  8 2016 00:54:26 by "builder" with MS VC++ 10.0 (VS2010)

time: Mon Jul 17 10:20:56 2017
elapsed time: 1 seconds (0d 0h 0m 1s)

