#
# There is insufficient memory for the Java Runtime Environment to continue.
# Native memory allocation (malloc) failed to allocate 1048576 bytes for AllocateHeap
# Possible reasons:
#   The system is out of physical RAM or swap space
#   In 32 bit mode, the process size limit was hit
# Possible solutions:
#   Reduce memory load on the system
#   Increase physical memory or swap space
#   Check if swap backing store is full
#   Use 64 bit Java on a 64 bit OS
#   Decrease Java heap size (-Xmx/-Xms)
#   Decrease number of Java threads
#   Decrease Java thread stack sizes (-Xss)
#   Set larger code cache with -XX:ReservedCodeCacheSize=
# This output file may be truncated or incomplete.
#
#  Out of Memory Error (memory/allocation.inline.hpp:61), pid=5964, tid=0x0000000000002a80
#
# JRE version:  (8.0_112-b06) (build )
# Java VM: OpenJDK 64-Bit Server VM (25.112-b06 mixed mode windows-amd64 compressed oops)
# Failed to write core dump. Minidumps are not enabled by default on client versions of Windows
#

---------------  T H R E A D  ---------------

Current thread (0x000000000216e000):  JavaThread "Unknown thread" [_thread_in_vm, id=10880, stack(0x0000000002180000,0x0000000002280000)]

Stack: [0x0000000002180000,0x0000000002280000]
[error occurred during error reporting (printing stack bounds), id 0xc0000005]

Native frames: (J=compiled Java code, j=interpreted, Vv=VM code, C=native code)


---------------  P R O C E S S  ---------------

Java Threads: ( => current thread )

Other Threads:

=>0x000000000216e000 (exited) JavaThread "Unknown thread" [_thread_in_vm, id=10880, stack(0x0000000002180000,0x0000000002280000)]

VM state:not at safepoint (normal execution)

VM Mutex/Monitor currently owned by a thread: None

Heap:
 PSYoungGen      total 18944K, used 327K [0x00000000eab00000, 0x00000000ec000000, 0x0000000100000000)
  eden space 16384K, 2% used [0x00000000eab00000,0x00000000eab51ec8,0x00000000ebb00000)
  from space 2560K, 0% used [0x00000000ebd80000,0x00000000ebd80000,0x00000000ec000000)
  to   space 2560K, 0% used [0x00000000ebb00000,0x00000000ebb00000,0x00000000ebd80000)
 ParOldGen       total 44032K, used 0K [0x00000000c0000000, 0x00000000c2b00000, 0x00000000eab00000)
  object space 44032K, 0% used [0x00000000c0000000,0x00000000c0000000,0x00000000c2b00000)
 Metaspace       used 772K, capacity 4480K, committed 4480K, reserved 1056768K
  class space    used 73K, capacity 384K, committed 384K, reserved 1048576K

Card table byte_map: [0x0000000011740000,0x0000000011950000] byte_map_base: 0x0000000011140000

Marking Bits: (ParMarkBitMap*) 0x000000005dba18f0
 Begin Bits: [0x0000000011eb0000, 0x0000000012eb0000)
 End Bits:   [0x0000000012eb0000, 0x0000000013eb0000)

Polling page: 0x0000000002130000

CodeCache: size=245760Kb used=328Kb max_used=328Kb free=245431Kb
 bounds [0x0000000002380000, 0x00000000025f0000, 0x0000000011380000]
 total_blobs=57 nmethods=0 adapters=38
 compilation: enabled

Compilation events (0 events):
No events

GC Heap History (0 events):
No events

Deoptimization events (0 events):
No events

Internal exceptions (0 events):
No events

Events (10 events):
Event: 0.036 loading class java/lang/Short
Event: 0.037 loading class java/lang/Short done
Event: 0.037 loading class java/lang/Integer
Event: 0.037 loading class java/lang/Integer done
Event: 0.037 loading class java/lang/Long
Event: 0.037 loading class java/lang/Long done
Event: 0.038 loading class java/lang/NullPointerException
Event: 0.038 loading class java/lang/NullPointerException done
Event: 0.038 loading class java/lang/ArithmeticException
Event: 0.038 loading class java/lang/ArithmeticException done


Dynamic libraries:
0x00007ff63de30000 - 0x00007ff63de61000 	C:\Program Files\Android\Android Studio\jre\bin\java.exe
0x00007ff8129f0000 - 0x00007ff812bc1000 	C:\WINDOWS\SYSTEM32\ntdll.dll
0x00007ff812230000 - 0x00007ff8122dc000 	C:\WINDOWS\System32\KERNEL32.DLL
0x00007ff80fc60000 - 0x00007ff80fe7d000 	C:\WINDOWS\System32\KERNELBASE.dll
0x00007ff8128d0000 - 0x00007ff812972000 	C:\WINDOWS\System32\ADVAPI32.dll
0x00007ff812520000 - 0x00007ff8125be000 	C:\WINDOWS\System32\msvcrt.dll
0x00007ff80ff80000 - 0x00007ff80ffd9000 	C:\WINDOWS\System32\sechost.dll
0x00007ff810780000 - 0x00007ff8108a1000 	C:\WINDOWS\System32\RPCRT4.dll
0x00007ff8125d0000 - 0x00007ff812735000 	C:\WINDOWS\System32\USER32.dll
0x00007ff80f000000 - 0x00007ff80f01e000 	C:\WINDOWS\System32\win32u.dll
0x00007ff8124e0000 - 0x00007ff812514000 	C:\WINDOWS\System32\GDI32.dll
0x00007ff80fad0000 - 0x00007ff80fc52000 	C:\WINDOWS\System32\gdi32full.dll
0x00007ff8029d0000 - 0x00007ff802c4a000 	C:\WINDOWS\WinSxS\amd64_microsoft.windows.common-controls_6595b64144ccf1df_6.0.14393.953_none_42151e83c686086b\COMCTL32.dll
0x00007ff810410000 - 0x00007ff8106d8000 	C:\WINDOWS\System32\combase.dll
0x00007ff80f070000 - 0x00007ff80f165000 	C:\WINDOWS\System32\ucrtbase.dll
0x00007ff80eee0000 - 0x00007ff80ef4a000 	C:\WINDOWS\System32\bcryptPrimitives.dll
0x00007ff8106f0000 - 0x00007ff81071e000 	C:\WINDOWS\System32\IMM32.DLL
0x000000005de90000 - 0x000000005df62000 	C:\Program Files\Android\Android Studio\jre\jre\bin\msvcr100.dll
0x000000005d3e0000 - 0x000000005dc1c000 	C:\Program Files\Android\Android Studio\jre\jre\bin\server\jvm.dll
0x00007ff8106e0000 - 0x00007ff8106e8000 	C:\WINDOWS\System32\PSAPI.DLL
0x00007ffffb130000 - 0x00007ffffb139000 	C:\WINDOWS\SYSTEM32\WSOCK32.dll
0x00007ff811e80000 - 0x00007ff811eea000 	C:\WINDOWS\System32\WS2_32.dll
0x00007ff80d100000 - 0x00007ff80d123000 	C:\WINDOWS\SYSTEM32\WINMM.dll
0x00007ff803e40000 - 0x00007ff803e4a000 	C:\WINDOWS\SYSTEM32\VERSION.dll
0x00007ff80d0a0000 - 0x00007ff80d0cb000 	C:\WINDOWS\SYSTEM32\WINMMBASE.dll
0x00007ff80f020000 - 0x00007ff80f062000 	C:\WINDOWS\System32\cfgmgr32.dll
0x00007ff80d160000 - 0x00007ff80d16f000 	C:\Program Files\Android\Android Studio\jre\jre\bin\verify.dll
0x00007fffff330000 - 0x00007fffff359000 	C:\Program Files\Android\Android Studio\jre\jre\bin\java.dll
0x00007ff801510000 - 0x00007ff801526000 	C:\Program Files\Android\Android Studio\jre\jre\bin\zip.dll

VM Arguments:
jvm_args: -Djava.awt.headless=true -Xmx1024M -Dfile.encoding=windows-1252 -Duser.country=US -Duser.language=en -Duser.variant 
java_command: com.android.dx.command.Main --dex --force-jumbo --num-threads=4 --multi-dex --output C:\Users\mintra nankongnaeb\Desktop\Cookzyme\app\build\intermediates\transforms\dex\debug\folders\1000\10000\instant-run_72b22d8b4fde4accc9ab21bb243a6445f623397a C:\Users\mintra nankongnaeb\Desktop\Cookzyme\app\build\intermediates\incremental-runtime-classes\debug\instant-run.jar
java_class_path (initial): C:\Users\mintra nankongnaeb\AppData\Local\Android\Sdk\build-tools\25.0.2\lib\dx.jar
Launcher Type: SUN_STANDARD

Environment Variables:
PATH=C:\Python27\libs;C:\opencv3\build\dll;C:\TDM-GCC-64\bin;C:\windows\system32;C:\windows;C:\windows\System32\Wbem;C:\windows\System32\WindowsPowerShell\v1.0\;C:\Users\mintra nankongnaeb\AppData\Roaming\cabal\bin;C:\Users\mintra nankongnaeb\AppData\Roaming\local\bin;C:\WINDOWS\system32;C:\WINDOWS;C:\WINDOWS\System32\Wbem;C:\WINDOWS\System32\WindowsPowerShell\v1.0\;C:\Program Files (x86)\Tesseract-OCR;C:\Program Files\Microsoft SQL Server\130\Tools\Binn\;C:\Users\mintra nankongnaeb\Desktop\opencv\build\x86\vc12\bin;C:\Program Files (x86)\Windows Kits\8.1\Windows Performance Toolkit\;C:\Users\mintra nankongnaeb\Desktop\opencv-master\mybuild\install\x86\vc14\lib;C:\Program Files (x86)\Common Files\Ulead Systems\MPEG;C:\Program Files\wkhtmltopdf\bin;C:\Python27;C:\Python27\Scripts;C:\Program Files (x86)\GtkSharp\2.12\bin;C:\xampp\php;C:\ProgramData\ComposerSetup\bin;C:\Program Files\nodejs\;C:\Program Files\Git\cmd;C:\Program Files\Microsoft\Web Platform Installer\;C:\Program Files\dotnet\;C:\Users\mintra nankongnaeb\AppData\Local\Microsoft\WindowsApps;C:\Users\mintra nankongnaeb\AppData\Roaming\Composer\vendor\bin;C:\Users\mintra nankongnaeb\AppData\Local\atom\bin;C:\Users\mintra nankongnaeb\AppData\Roaming\npm
USERNAME=mintra nankongnaeb
OS=Windows_NT
PROCESSOR_IDENTIFIER=Intel64 Family 6 Model 69 Stepping 1, GenuineIntel



---------------  S Y S T E M  ---------------

OS: Windows 10.0 , 64 bit Build 14393 (10.0.14393.1198)

CPU:total 4 (2 cores per cpu, 2 threads per core) family 6 model 69 stepping 1, cmov, cx8, fxsr, mmx, sse, sse2, sse3, ssse3, sse4.1, sse4.2, popcnt, avx, avx2, aes, clmul, erms, lzcnt, ht, tsc, tscinvbit, bmi1, bmi2

Memory: 4k page, physical 4097112k(569880k free), swap 8458704k(5724k free)

vm_info: OpenJDK 64-Bit Server VM (25.112-b06) for windows-amd64 JRE (1.8.0_112-release-b06), built on Dec  8 2016 00:54:26 by "builder" with MS VC++ 10.0 (VS2010)

time: Mon Jul 17 10:12:18 2017
elapsed time: 0 seconds (0d 0h 0m 0s)

