#
# There is insufficient memory for the Java Runtime Environment to continue.
# Native memory allocation (malloc) failed to allocate 32744 bytes for ChunkPool::allocate
# Possible reasons:
#   The system is out of physical RAM or swap space
#   In 32 bit mode, the process size limit was hit
# Possible solutions:
#   Reduce memory load on the system
#   Increase physical memory or swap space
#   Check if swap backing store is full
#   Use 64 bit Java on a 64 bit OS
#   Decrease Java heap size (-Xmx/-Xms)
#   Decrease number of Java threads
#   Decrease Java thread stack sizes (-Xss)
#   Set larger code cache with -XX:ReservedCodeCacheSize=
# This output file may be truncated or incomplete.
#
#  Out of Memory Error (allocation.cpp:273), pid=10708, tid=0x0000000000002198
#
# JRE version: OpenJDK Runtime Environment (8.0_112-b06) (build 1.8.0_112-release-b06)
# Java VM: OpenJDK 64-Bit Server VM (25.112-b06 mixed mode windows-amd64 compressed oops)
# Failed to write core dump. Minidumps are not enabled by default on client versions of Windows
#

---------------  T H R E A D  ---------------

Current thread (0x0000000016870800):  JavaThread "C1 CompilerThread2" daemon [_thread_in_native, id=8600, stack(0x0000000016c70000,0x0000000016d70000)]

Stack: [0x0000000016c70000,0x0000000016d70000]
[error occurred during error reporting (printing stack bounds), id 0xc0000005]

Native frames: (J=compiled Java code, j=interpreted, Vv=VM code, C=native code)


Current CompileTask:
C1:    567  580   !   3       com.android.dx.cf.code.BytecodeArray::parseInstruction (2764 bytes)


---------------  P R O C E S S  ---------------

Java Threads: ( => current thread )
  0x00000000169dd000 JavaThread "pool-2-thread-4" [_thread_in_Java, id=12044, stack(0x0000000017370000,0x0000000017470000)]
  0x00000000169d6000 JavaThread "pool-2-thread-3" [_thread_in_Java, id=12180, stack(0x0000000017270000,0x0000000017370000)]
  0x00000000169d5000 JavaThread "pool-2-thread-2" [_thread_in_Java, id=13700, stack(0x0000000017170000,0x0000000017270000)]
  0x00000000169cb800 JavaThread "pool-3-thread-1" [_thread_blocked, id=7272, stack(0x0000000017070000,0x0000000017170000)]
  0x00000000169cb000 JavaThread "pool-2-thread-1" [_thread_in_Java, id=6708, stack(0x0000000016f70000,0x0000000017070000)]
  0x0000000016875800 JavaThread "Service Thread" daemon [_thread_blocked, id=13712, stack(0x0000000016d70000,0x0000000016e70000)]
=>0x0000000016870800 JavaThread "C1 CompilerThread2" daemon [_thread_in_native, id=8600, stack(0x0000000016c70000,0x0000000016d70000)]
  0x0000000015022000 JavaThread "C2 CompilerThread1" daemon [_thread_in_native, id=4040, stack(0x0000000016770000,0x0000000016870000)]
  0x000000001501e800 JavaThread "C2 CompilerThread0" daemon [_thread_in_native, id=3588, stack(0x0000000016670000,0x0000000016770000)]
  0x000000001501b800 JavaThread "Attach Listener" daemon [_thread_blocked, id=2876, stack(0x0000000016570000,0x0000000016670000)]
  0x000000001501a000 JavaThread "Signal Dispatcher" daemon [_thread_blocked, id=13052, stack(0x0000000016470000,0x0000000016570000)]
  0x0000000015008800 JavaThread "Finalizer" daemon [_thread_blocked, id=5612, stack(0x0000000016280000,0x0000000016380000)]
  0x0000000002942800 JavaThread "Reference Handler" daemon [_thread_blocked, id=5756, stack(0x0000000016180000,0x0000000016280000)]
  0x000000000284e000 JavaThread "main" [_thread_in_Java, id=5620, stack(0x0000000002690000,0x0000000002790000)]

Other Threads:
  0x0000000014fe5800 VMThread [stack: 0x0000000016080000,0x0000000016180000] [id=9668]
  0x0000000016876800 WatcherThread [stack: 0x0000000016e70000,0x0000000016f70000] [id=6052]

VM state:not at safepoint (normal execution)

VM Mutex/Monitor currently owned by a thread: None

Heap:
 PSYoungGen      total 18944K, used 12214K [0x00000000eab00000, 0x00000000ec000000, 0x0000000100000000)
  eden space 16384K, 74% used [0x00000000eab00000,0x00000000eb6edab8,0x00000000ebb00000)
  from space 2560K, 0% used [0x00000000ebd80000,0x00000000ebd80000,0x00000000ec000000)
  to   space 2560K, 0% used [0x00000000ebb00000,0x00000000ebb00000,0x00000000ebd80000)
 ParOldGen       total 44032K, used 0K [0x00000000c0000000, 0x00000000c2b00000, 0x00000000eab00000)
  object space 44032K, 0% used [0x00000000c0000000,0x00000000c0000000,0x00000000c2b00000)
 Metaspace       used 5545K, capacity 6576K, committed 6784K, reserved 1056768K
  class space    used 572K, capacity 616K, committed 640K, reserved 1048576K

Card table byte_map: [0x0000000011d10000,0x0000000011f20000] byte_map_base: 0x0000000011710000

Marking Bits: (ParMarkBitMap*) 0x000000005dba18f0
 Begin Bits: [0x0000000012480000, 0x0000000013480000)
 End Bits:   [0x0000000013480000, 0x0000000014480000)

Polling page: 0x0000000000b40000

CodeCache: size=245760Kb used=2139Kb max_used=2158Kb free=243620Kb
 bounds [0x0000000002950000, 0x0000000002bc0000, 0x0000000011950000]
 total_blobs=844 nmethods=573 adapters=185
 compilation: enabled

Compilation events (10 events):
Event: 0.557 Thread 0x0000000015022000 nmethod 591 0x0000000002b5fd10 code [0x0000000002b5fe40, 0x0000000002b5feb8]
Event: 0.558 Thread 0x0000000015022000  593       4       com.android.dx.cf.code.LineNumberList::get (9 bytes)
Event: 0.559 Thread 0x0000000015022000 nmethod 593 0x0000000002b66cd0 code [0x0000000002b66e20, 0x0000000002b66ef8]
Event: 0.559 Thread 0x000000001501e800 nmethod 592 0x0000000002b6ce50 code [0x0000000002b6cfa0, 0x0000000002b6d128]
Event: 0.560 Thread 0x0000000015022000  596       4       com.android.dx.rop.code.RegisterSpecList::get (9 bytes)
Event: 0.561 Thread 0x000000001501e800  600       4       java.util.ArrayList::isEmpty (13 bytes)
Event: 0.561 Thread 0x0000000015022000 nmethod 596 0x0000000002b6cad0 code [0x0000000002b6cc20, 0x0000000002b6ccf8]
Event: 0.562 Thread 0x0000000015022000  601       4       com.android.dx.ssa.NormalSsaInsn::accept (25 bytes)
Event: 0.562 Thread 0x000000001501e800 nmethod 600 0x0000000002b6c8d0 code [0x0000000002b6ca00, 0x0000000002b6ca78]
Event: 0.562 Thread 0x000000001501e800  603       4       java.util.ArrayList::remove (69 bytes)

GC Heap History (0 events):
No events

Deoptimization events (1 events):
Event: 0.533 Thread 0x00000000169dd000 Uncommon trap: reason=unstable_if action=reinterpret pc=0x0000000002b4b3b0 method=java.util.BitSet.nextSetBit(I)I @ 87

Internal exceptions (2 events):
Event: 0.061 Thread 0x000000000284e000 Exception <a 'java/lang/NoSuchMethodError': Method sun.misc.Unsafe.defineClass(Ljava/lang/String;[BII)Ljava/lang/Class; name or signature does not match> (0x00000000eab07c78) thrown at [C:\src\android\AOSP-openjdk\external\jetbrains\jdk\hotspot\src\share\v’jñ—Í¯?
Event: 0.061 Thread 0x000000000284e000 Exception <a 'java/lang/NoSuchMethodError': Method sun.misc.Unsafe.prefetchRead(Ljava/lang/Object;J)V name or signature does not match> (0x00000000eab07f60) thrown at [C:\src\android\AOSP-openjdk\external\jetbrains\jdk\hotspot\src\share\vm\prims\jni.cpp, l

Events (10 events):
Event: 0.517 loading class com/android/dx/dex/file/MethodAnnotationStruct done
Event: 0.517 loading class com/android/dx/ssa/back/FirstFitLocalCombiningAllocator$Multiset
Event: 0.517 loading class com/android/dx/ssa/back/FirstFitLocalCombiningAllocator$Multiset done
Event: 0.524 loading class java/util/DualPivotQuicksort
Event: 0.524 loading class java/util/DualPivotQuicksort done
Event: 0.533 Thread 0x00000000169dd000 Uncommon trap: trap_request=0xffffff65 fr.pc=0x0000000002b4b3b0
Event: 0.533 Thread 0x00000000169dd000 DEOPT PACKING pc=0x0000000002b4b3b0 sp=0x000000001746ebc0
Event: 0.533 Thread 0x00000000169dd000 DEOPT UNPACKING pc=0x000000000299556a sp=0x000000001746eb58 mode 2
Event: 0.563 loading class java/util/ArrayList$1
Event: 0.563 loading class java/util/ArrayList$1 done


Dynamic libraries:
0x00007ff63de30000 - 0x00007ff63de61000 	C:\Program Files\Android\Android Studio\jre\bin\java.exe
0x00007ff8129f0000 - 0x00007ff812bc1000 	C:\WINDOWS\SYSTEM32\ntdll.dll
0x00007ff812230000 - 0x00007ff8122dc000 	C:\WINDOWS\System32\KERNEL32.DLL
0x00007ff80fc60000 - 0x00007ff80fe7d000 	C:\WINDOWS\System32\KERNELBASE.dll
0x00007ff8128d0000 - 0x00007ff812972000 	C:\WINDOWS\System32\ADVAPI32.dll
0x00007ff812520000 - 0x00007ff8125be000 	C:\WINDOWS\System32\msvcrt.dll
0x00007ff80ff80000 - 0x00007ff80ffd9000 	C:\WINDOWS\System32\sechost.dll
0x00007ff810780000 - 0x00007ff8108a1000 	C:\WINDOWS\System32\RPCRT4.dll
0x00007ff8125d0000 - 0x00007ff812735000 	C:\WINDOWS\System32\USER32.dll
0x00007ff80f000000 - 0x00007ff80f01e000 	C:\WINDOWS\System32\win32u.dll
0x00007ff8124e0000 - 0x00007ff812514000 	C:\WINDOWS\System32\GDI32.dll
0x00007ff80fad0000 - 0x00007ff80fc52000 	C:\WINDOWS\System32\gdi32full.dll
0x00007ff8029d0000 - 0x00007ff802c4a000 	C:\WINDOWS\WinSxS\amd64_microsoft.windows.common-controls_6595b64144ccf1df_6.0.14393.953_none_42151e83c686086b\COMCTL32.dll
0x00007ff810410000 - 0x00007ff8106d8000 	C:\WINDOWS\System32\combase.dll
0x00007ff80f070000 - 0x00007ff80f165000 	C:\WINDOWS\System32\ucrtbase.dll
0x00007ff80eee0000 - 0x00007ff80ef4a000 	C:\WINDOWS\System32\bcryptPrimitives.dll
0x00007ff8106f0000 - 0x00007ff81071e000 	C:\WINDOWS\System32\IMM32.DLL
0x000000005de90000 - 0x000000005df62000 	C:\Program Files\Android\Android Studio\jre\jre\bin\msvcr100.dll
0x000000005d3e0000 - 0x000000005dc1c000 	C:\Program Files\Android\Android Studio\jre\jre\bin\server\jvm.dll
0x00007ff8106e0000 - 0x00007ff8106e8000 	C:\WINDOWS\System32\PSAPI.DLL
0x00007ffffb130000 - 0x00007ffffb139000 	C:\WINDOWS\SYSTEM32\WSOCK32.dll
0x00007ff811e80000 - 0x00007ff811eea000 	C:\WINDOWS\System32\WS2_32.dll
0x00007ff80d100000 - 0x00007ff80d123000 	C:\WINDOWS\SYSTEM32\WINMM.dll
0x00007ff803e40000 - 0x00007ff803e4a000 	C:\WINDOWS\SYSTEM32\VERSION.dll
0x00007ff80d0a0000 - 0x00007ff80d0cb000 	C:\WINDOWS\SYSTEM32\WINMMBASE.dll
0x00007ff80f020000 - 0x00007ff80f062000 	C:\WINDOWS\System32\cfgmgr32.dll
0x00007ff80d160000 - 0x00007ff80d16f000 	C:\Program Files\Android\Android Studio\jre\jre\bin\verify.dll
0x00007fffff330000 - 0x00007fffff359000 	C:\Program Files\Android\Android Studio\jre\jre\bin\java.dll
0x00007ff801510000 - 0x00007ff801526000 	C:\Program Files\Android\Android Studio\jre\jre\bin\zip.dll
0x00007ff810970000 - 0x00007ff811e78000 	C:\WINDOWS\System32\SHELL32.dll
0x00007ff80f170000 - 0x00007ff80f84a000 	C:\WINDOWS\System32\windows.storage.dll
0x00007ff80ee70000 - 0x00007ff80eebc000 	C:\WINDOWS\System32\powrprof.dll
0x00007ff810720000 - 0x00007ff810772000 	C:\WINDOWS\System32\shlwapi.dll
0x00007ff80eec0000 - 0x00007ff80eecf000 	C:\WINDOWS\System32\kernel.appcore.dll
0x00007ff80fa20000 - 0x00007ff80fac9000 	C:\WINDOWS\System32\shcore.dll
0x00007ff80ee50000 - 0x00007ff80ee64000 	C:\WINDOWS\System32\profapi.dll

VM Arguments:
jvm_args: -Djava.awt.headless=true -Xmx1024M -Dfile.encoding=windows-1252 -Duser.country=US -Duser.language=en -Duser.variant 
java_command: com.android.dx.command.Main --dex --force-jumbo --num-threads=4 --multi-dex --output C:\Users\mintra nankongnaeb\Desktop\Cookzyme\app\build\intermediates\transforms\dex\debug\folders\1000\10000\instant-run_72b22d8b4fde4accc9ab21bb243a6445f623397a C:\Users\mintra nankongnaeb\Desktop\Cookzyme\app\build\intermediates\incremental-runtime-classes\debug\instant-run.jar
java_class_path (initial): C:\Users\mintra nankongnaeb\AppData\Local\Android\Sdk\build-tools\25.0.2\lib\dx.jar
Launcher Type: SUN_STANDARD

Environment Variables:
PATH=C:\Python27\libs;C:\opencv3\build\dll;C:\TDM-GCC-64\bin;C:\windows\system32;C:\windows;C:\windows\System32\Wbem;C:\windows\System32\WindowsPowerShell\v1.0\;C:\Users\mintra nankongnaeb\AppData\Roaming\cabal\bin;C:\Users\mintra nankongnaeb\AppData\Roaming\local\bin;C:\WINDOWS\system32;C:\WINDOWS;C:\WINDOWS\System32\Wbem;C:\WINDOWS\System32\WindowsPowerShell\v1.0\;C:\Program Files (x86)\Tesseract-OCR;C:\Program Files\Microsoft SQL Server\130\Tools\Binn\;C:\Users\mintra nankongnaeb\Desktop\opencv\build\x86\vc12\bin;C:\Program Files (x86)\Windows Kits\8.1\Windows Performance Toolkit\;C:\Users\mintra nankongnaeb\Desktop\opencv-master\mybuild\install\x86\vc14\lib;C:\Program Files (x86)\Common Files\Ulead Systems\MPEG;C:\Program Files\wkhtmltopdf\bin;C:\Python27;C:\Python27\Scripts;C:\Program Files (x86)\GtkSharp\2.12\bin;C:\xampp\php;C:\ProgramData\ComposerSetup\bin;C:\Program Files\nodejs\;C:\Program Files\Git\cmd;C:\Program Files\Microsoft\Web Platform Installer\;C:\Program Files\dotnet\;C:\Users\mintra nankongnaeb\AppData\Local\Microsoft\WindowsApps;C:\Users\mintra nankongnaeb\AppData\Roaming\Composer\vendor\bin;C:\Users\mintra nankongnaeb\AppData\Local\atom\bin;C:\Users\mintra nankongnaeb\AppData\Roaming\npm
USERNAME=mintra nankongnaeb
OS=Windows_NT
PROCESSOR_IDENTIFIER=Intel64 Family 6 Model 69 Stepping 1, GenuineIntel



---------------  S Y S T E M  ---------------

OS: Windows 10.0 , 64 bit Build 14393 (10.0.14393.1198)

CPU:total 4 (2 cores per cpu, 2 threads per core) family 6 model 69 stepping 1, cmov, cx8, fxsr, mmx, sse, sse2, sse3, ssse3, sse4.1, sse4.2, popcnt, avx, avx2, aes, clmul, erms, lzcnt, ht, tsc, tscinvbit, bmi1, bmi2

Memory: 4k page, physical 4097112k(602184k free), swap 8458704k(3004k free)

vm_info: OpenJDK 64-Bit Server VM (25.112-b06) for windows-amd64 JRE (1.8.0_112-release-b06), built on Dec  8 2016 00:54:26 by "builder" with MS VC++ 10.0 (VS2010)

time: Mon Jul 17 10:24:03 2017
elapsed time: 0 seconds (0d 0h 0m 0s)

